\BOOKMARK [0][-]{chapter*.5}{\332vod}{}% 1
\BOOKMARK [1][-]{section*.6}{Motivace}{chapter*.5}% 2
\BOOKMARK [1][-]{section*.7}{Struktura pr\341ce}{chapter*.5}% 3
\BOOKMARK [0][-]{chapter.1}{C\355l pr\341ce}{}% 4
\BOOKMARK [1][-]{section.1.1}{Existuj\355c\355 syst\351my}{chapter.1}% 5
\BOOKMARK [0][-]{chapter.2}{Anal\375za}{}% 6
\BOOKMARK [1][-]{section.2.1}{Po\236adavky zadavatele OA Lys\341 nad Labem}{chapter.2}% 7
\BOOKMARK [1][-]{section.2.2}{U\236ivatelsk\351 rozhran\355}{chapter.2}% 8
\BOOKMARK [1][-]{section.2.3}{C\355lov\351 skupiny}{chapter.2}% 9
\BOOKMARK [1][-]{section.2.4}{Persony}{chapter.2}% 10
\BOOKMARK [1][-]{section.2.5}{V\375ber frameworku}{chapter.2}% 11
\BOOKMARK [1][-]{section.2.6}{Model}{chapter.2}% 12
\BOOKMARK [1][-]{section.2.7}{Controller}{chapter.2}% 13
\BOOKMARK [1][-]{section.2.8}{View}{chapter.2}% 14
\BOOKMARK [0][-]{chapter.3}{N\341vrh}{}% 15
\BOOKMARK [1][-]{section.3.1}{Dom\351nov\375 model}{chapter.3}% 16
\BOOKMARK [1][-]{section.3.2}{Role a opr\341vnen\355}{chapter.3}% 17
\BOOKMARK [1][-]{section.3.3}{Objektov\375 n\341vrh}{chapter.3}% 18
\BOOKMARK [0][-]{chapter.4}{Realizace}{}% 19
\BOOKMARK [1][-]{section.4.1}{Pou\236it\351 technologie}{chapter.4}% 20
\BOOKMARK [1][-]{section.4.2}{Postup}{chapter.4}% 21
\BOOKMARK [1][-]{section.4.3}{Testov\341n\355}{chapter.4}% 22
\BOOKMARK [1][-]{section.4.4}{Nasazen\355}{chapter.4}% 23
\BOOKMARK [1][-]{section.4.5}{Screenshoty}{chapter.4}% 24
\BOOKMARK [0][-]{chapter*.12}{Z\341ver}{}% 25
\BOOKMARK [0][-]{section*.14}{Literatura}{}% 26
\BOOKMARK [0][-]{appendix.A}{Seznam pou\236it\375ch zkratek}{}% 27
\BOOKMARK [0][-]{appendix.B}{Prilo\236en\351 CD}{}% 28
\BOOKMARK [0][-]{appendix.C}{Reposit\341r}{}% 29
\BOOKMARK [0][-]{appendix.D}{Pr\355rucky}{}% 30
\BOOKMARK [1][-]{section.D.1}{U\236ivatelsk\341 pr\355rucka}{appendix.D}% 31
\BOOKMARK [1][-]{section.D.2}{Administr\341torsk\341 pr\355rucka}{appendix.D}% 32
\BOOKMARK [0][-]{appendix.E}{Uk\341zka zdrojov\351ho k\363du}{}% 33
\BOOKMARK [1][-]{section.E.1}{Model}{appendix.E}% 34
\BOOKMARK [1][-]{section.E.2}{Presenter}{appendix.E}% 35
\BOOKMARK [1][-]{section.E.3}{Latte \235ablona}{appendix.E}% 36
